<?xml version="1.0" encoding="UTF-8"?>
<testsuite name="com.demo.urlShorterDemo.UrlShorterDemoApplicationTests" tests="1" skipped="0" failures="0" errors="0" timestamp="2022-12-08T08:51:18" hostname="C-PF396E9P" time="0.235">
  <properties/>
  <testcase name="contextLoads()" classname="com.demo.urlShorterDemo.UrlShorterDemoApplicationTests" time="0.235"/>
  <system-out><![CDATA[14:21:16.575 [Test worker] DEBUG org.springframework.test.context.BootstrapUtils - Instantiating CacheAwareContextLoaderDelegate from class [org.springframework.test.context.cache.DefaultCacheAwareContextLoaderDelegate]
14:21:16.585 [Test worker] DEBUG org.springframework.test.context.BootstrapUtils - Instantiating BootstrapContext using constructor [public org.springframework.test.context.support.DefaultBootstrapContext(java.lang.Class,org.springframework.test.context.CacheAwareContextLoaderDelegate)]
14:21:16.612 [Test worker] DEBUG org.springframework.test.context.BootstrapUtils - Instantiating TestContextBootstrapper for test class [com.demo.urlShorterDemo.UrlShorterDemoApplicationTests] from class [org.springframework.boot.test.context.SpringBootTestContextBootstrapper]
14:21:16.623 [Test worker] INFO org.springframework.boot.test.context.SpringBootTestContextBootstrapper - Neither @ContextConfiguration nor @ContextHierarchy found for test class [com.demo.urlShorterDemo.UrlShorterDemoApplicationTests], using SpringBootContextLoader
14:21:16.626 [Test worker] DEBUG org.springframework.test.context.support.AbstractContextLoader - Did not detect default resource location for test class [com.demo.urlShorterDemo.UrlShorterDemoApplicationTests]: class path resource [com/demo/urlShorterDemo/UrlShorterDemoApplicationTests-context.xml] does not exist
14:21:16.626 [Test worker] DEBUG org.springframework.test.context.support.AbstractContextLoader - Did not detect default resource location for test class [com.demo.urlShorterDemo.UrlShorterDemoApplicationTests]: class path resource [com/demo/urlShorterDemo/UrlShorterDemoApplicationTestsContext.groovy] does not exist
14:21:16.626 [Test worker] INFO org.springframework.test.context.support.AbstractContextLoader - Could not detect default resource locations for test class [com.demo.urlShorterDemo.UrlShorterDemoApplicationTests]: no resource found for suffixes {-context.xml, Context.groovy}.
14:21:16.627 [Test worker] INFO org.springframework.test.context.support.AnnotationConfigContextLoaderUtils - Could not detect default configuration classes for test class [com.demo.urlShorterDemo.UrlShorterDemoApplicationTests]: UrlShorterDemoApplicationTests does not declare any static, non-private, non-final, nested classes annotated with @Configuration.
14:21:16.661 [Test worker] DEBUG org.springframework.test.context.support.ActiveProfilesUtils - Could not find an 'annotation declaring class' for annotation type [org.springframework.test.context.ActiveProfiles] and class [com.demo.urlShorterDemo.UrlShorterDemoApplicationTests]
14:21:16.719 [Test worker] DEBUG org.springframework.context.annotation.ClassPathScanningCandidateComponentProvider - Identified candidate component class: file [C:\NRCT\Software\urlShorterDemo\build\classes\java\main\com\demo\urlShorterDemo\UrlShorterDemoApplication.class]
14:21:16.726 [Test worker] INFO org.springframework.boot.test.context.SpringBootTestContextBootstrapper - Found @SpringBootConfiguration com.demo.urlShorterDemo.UrlShorterDemoApplication for test class com.demo.urlShorterDemo.UrlShorterDemoApplicationTests
14:21:16.805 [Test worker] DEBUG org.springframework.boot.test.context.SpringBootTestContextBootstrapper - @TestExecutionListeners is not present for class [com.demo.urlShorterDemo.UrlShorterDemoApplicationTests]: using defaults.
14:21:16.806 [Test worker] INFO org.springframework.boot.test.context.SpringBootTestContextBootstrapper - Loaded default TestExecutionListener class names from location [META-INF/spring.factories]: [org.springframework.boot.test.autoconfigure.restdocs.RestDocsTestExecutionListener, org.springframework.boot.test.autoconfigure.web.client.MockRestServiceServerResetTestExecutionListener, org.springframework.boot.test.autoconfigure.web.servlet.MockMvcPrintOnlyOnFailureTestExecutionListener, org.springframework.boot.test.autoconfigure.web.servlet.WebDriverTestExecutionListener, org.springframework.boot.test.autoconfigure.webservices.client.MockWebServiceServerTestExecutionListener, org.springframework.boot.test.mock.mockito.MockitoTestExecutionListener, org.springframework.boot.test.mock.mockito.ResetMocksTestExecutionListener, org.springframework.test.context.web.ServletTestExecutionListener, org.springframework.test.context.support.DirtiesContextBeforeModesTestExecutionListener, org.springframework.test.context.event.ApplicationEventsTestExecutionListener, org.springframework.test.context.support.DependencyInjectionTestExecutionListener, org.springframework.test.context.support.DirtiesContextTestExecutionListener, org.springframework.test.context.transaction.TransactionalTestExecutionListener, org.springframework.test.context.jdbc.SqlScriptsTestExecutionListener, org.springframework.test.context.event.EventPublishingTestExecutionListener]
14:21:16.816 [Test worker] DEBUG org.springframework.boot.test.context.SpringBootTestContextBootstrapper - Skipping candidate TestExecutionListener [org.springframework.test.context.transaction.TransactionalTestExecutionListener] due to a missing dependency. Specify custom listener classes or make the default listener classes and their required dependencies available. Offending class: [org/springframework/transaction/interceptor/TransactionAttributeSource]
14:21:16.817 [Test worker] DEBUG org.springframework.boot.test.context.SpringBootTestContextBootstrapper - Skipping candidate TestExecutionListener [org.springframework.test.context.jdbc.SqlScriptsTestExecutionListener] due to a missing dependency. Specify custom listener classes or make the default listener classes and their required dependencies available. Offending class: [org/springframework/transaction/interceptor/TransactionAttribute]
14:21:16.818 [Test worker] INFO org.springframework.boot.test.context.SpringBootTestContextBootstrapper - Using TestExecutionListeners: [org.springframework.test.context.web.ServletTestExecutionListener@3b96c42e, org.springframework.test.context.support.DirtiesContextBeforeModesTestExecutionListener@5d066c7d, org.springframework.test.context.event.ApplicationEventsTestExecutionListener@1e461e41, org.springframework.boot.test.mock.mockito.MockitoTestExecutionListener@5ba88be8, org.springframework.boot.test.autoconfigure.SpringBootDependencyInjectionTestExecutionListener@56928307, org.springframework.test.context.support.DirtiesContextTestExecutionListener@3899782c, org.springframework.test.context.event.EventPublishingTestExecutionListener@1603cd68, org.springframework.boot.test.autoconfigure.restdocs.RestDocsTestExecutionListener@9ebe38b, org.springframework.boot.test.autoconfigure.web.client.MockRestServiceServerResetTestExecutionListener@4b23c30a, org.springframework.boot.test.autoconfigure.web.servlet.MockMvcPrintOnlyOnFailureTestExecutionListener@38089a5a, org.springframework.boot.test.autoconfigure.web.servlet.WebDriverTestExecutionListener@30e868be, org.springframework.boot.test.autoconfigure.webservices.client.MockWebServiceServerTestExecutionListener@66c92293, org.springframework.boot.test.mock.mockito.ResetMocksTestExecutionListener@332796d3]
14:21:16.821 [Test worker] DEBUG org.springframework.test.context.support.AbstractDirtiesContextTestExecutionListener - Before test class: context [DefaultTestContext@598bd2ba testClass = UrlShorterDemoApplicationTests, testInstance = [null], testMethod = [null], testException = [null], mergedContextConfiguration = [WebMergedContextConfiguration@5a755cc1 testClass = UrlShorterDemoApplicationTests, locations = '{}', classes = '{class com.demo.urlShorterDemo.UrlShorterDemoApplication}', contextInitializerClasses = '[]', activeProfiles = '{}', propertySourceLocations = '{}', propertySourceProperties = '{org.springframework.boot.test.context.SpringBootTestContextBootstrapper=true}', contextCustomizers = set[org.springframework.boot.test.autoconfigure.actuate.metrics.MetricsExportContextCustomizerFactory$DisableMetricExportContextCustomizer@79e4c792, org.springframework.boot.test.autoconfigure.properties.PropertyMappingContextCustomizer@0, org.springframework.boot.test.autoconfigure.web.servlet.WebDriverContextCustomizerFactory$Customizer@6caf0677, org.springframework.boot.test.context.filter.ExcludeFilterContextCustomizer@1a75e76a, org.springframework.boot.test.json.DuplicateJsonObjectContextCustomizerFactory$DuplicateJsonObjectContextCustomizer@4681c175, org.springframework.boot.test.mock.mockito.MockitoContextCustomizer@0, org.springframework.boot.test.web.client.TestRestTemplateContextCustomizer@5ddeb7cb, org.springframework.boot.test.context.SpringBootTestArgs@1, org.springframework.boot.test.context.SpringBootTestWebEnvironment@1fe20588], resourceBasePath = 'src/main/webapp', contextLoader = 'org.springframework.boot.test.context.SpringBootContextLoader', parent = [null]], attributes = map['org.springframework.test.context.web.ServletTestExecutionListener.activateListener' -> true]], class annotated with @DirtiesContext [false] with mode [null].

  .   ____          _            __ _ _
 /\\ / ___'_ __ _ _(_)_ __  __ _ \ \ \ \
( ( )\___ | '_ | '_| | '_ \/ _` | \ \ \ \
 \\/  ___)| |_)| | | | | || (_| |  ) ) ) )
  '  |____| .__|_| |_|_| |_\__, | / / / /
 =========|_|==============|___/=/_/_/_/
 :: Spring Boot ::                (v2.7.6)

2022-12-08 14:21:17.062  INFO 15112 --- [    Test worker] c.d.u.UrlShorterDemoApplicationTests     : Starting UrlShorterDemoApplicationTests using Java 1.8.0_311 on C-PF396E9P with PID 15112 (started by gshete in C:\NRCT\Software\urlShorterDemo)
2022-12-08 14:21:17.063  INFO 15112 --- [    Test worker] c.d.u.UrlShorterDemoApplicationTests     : No active profile set, falling back to 1 default profile: "default"
2022-12-08 14:21:18.171  INFO 15112 --- [    Test worker] o.s.b.a.w.s.WelcomePageHandlerMapping    : Adding welcome page template: index
2022-12-08 14:21:18.411  INFO 15112 --- [    Test worker] c.d.u.UrlShorterDemoApplicationTests     : Started UrlShorterDemoApplicationTests in 1.563 seconds (JVM running for 2.579)
]]></system-out>
  <system-err><![CDATA[]]></system-err>
</testsuite>
